<?xml version="1.0" encoding="UTF-8"?>
<!-- Generated by org.testng.reporters.JUnitReportReporter -->
<testsuite skipped="0" hostname="INDIA-DeepakN" name="files.dynamicJson" tests="3" failures="0" timestamp="2021-02-04T13:09:10 IST" time="2.945" errors="0">
  <testcase name="addBook" time="0.404" classname="files.dynamicJson"/>
  <system-out/>
  <testcase name="addBook" time="0.391" classname="files.dynamicJson"/>
  <system-out/>
  <testcase name="addBook" time="2.150" classname="files.dynamicJson"/>
  <system-out/>
</testsuite> <!-- files.dynamicJson -->
